<?xml version="1.0" encoding="UTF-8"?>
<!-- Generated by org.testng.reporters.JUnitReportReporter -->
<testsuite hostname="DESKTOP-LFI4QP4" failures="0" tests="3" name="com.fb.qa.testcases.LoginPageTest" time="52.800" errors="0" timestamp="2022-03-21T19:27:36 IST" skipped="0">
  <testcase classname="com.fb.qa.testcases.LoginPageTest" name="multipleLoginTest" time="17.683"/>
  <system-out/>
  <testcase classname="com.fb.qa.testcases.LoginPageTest" name="multipleLoginTest" time="19.659"/>
  <system-out/>
  <testcase classname="com.fb.qa.testcases.LoginPageTest" name="loginPageTitleTest" time="15.458"/>
  <system-out/>
</testsuite> <!-- com.fb.qa.testcases.LoginPageTest -->
