<?xml version="1.0" encoding="UTF-8"?>
<!-- Generated by org.testng.reporters.JUnitReportReporter -->
<testsuite hostname="DESKTOP-LFI4QP4" failures="0" tests="3" name="com.fb.qa.testcases.LoginPageTest" time="53.306" errors="0" timestamp="2022-03-21T20:12:28 IST" skipped="0">
  <testcase classname="com.fb.qa.testcases.LoginPageTest" name="multipleLoginTest" time="18.873"/>
  <system-out/>
  <testcase classname="com.fb.qa.testcases.LoginPageTest" name="multipleLoginTest" time="18.814"/>
  <system-out/>
  <testcase classname="com.fb.qa.testcases.LoginPageTest" name="loginPageTitleTest" time="15.619"/>
  <system-out/>
</testsuite> <!-- com.fb.qa.testcases.LoginPageTest -->
