<?xml version="1.0" encoding="UTF-8"?>
<!-- Generated by org.testng.reporters.JUnitReportReporter -->
<testsuite hostname="DESKTOP-LFI4QP4" failures="0" tests="1" name="com.fb.qa.testcases.HomePageTest" time="24.584" errors="0" timestamp="2022-03-21T20:12:28 IST" skipped="0">
  <testcase classname="com.fb.qa.testcases.HomePageTest" name="verifyClickOnProfile" time="24.584"/>
  <system-out/>
</testsuite> <!-- com.fb.qa.testcases.HomePageTest -->
